\BOOKMARK [1][-]{section.1}{Rahmenbedingungen}{}% 1
\BOOKMARK [2][-]{subsection.1.1}{Grundlagen \046 Technik}{section.1}% 2
\BOOKMARK [2][-]{subsection.1.2}{Aufgabenstellung}{section.1}% 3
\BOOKMARK [2][-]{subsection.1.3}{Eigenschaften der Kinect}{section.1}% 4
\BOOKMARK [1][-]{section.2}{Vor\374berlegungen}{}% 5
\BOOKMARK [2][-]{subsection.2.1}{Priorisierung der Aufgaben}{section.2}% 6
\BOOKMARK [2][-]{subsection.2.2}{Aufgabenverteilung im Team}{section.2}% 7
\BOOKMARK [2][-]{subsection.2.3}{Werkzeuge}{section.2}% 8
\BOOKMARK [1][-]{section.3}{Entwurfsentscheidungen}{}% 9
\BOOKMARK [2][-]{subsection.3.1}{Der Master}{section.3}% 10
\BOOKMARK [3][-]{subsubsection.3.1.1}{M\366glichkeiten der Master-Identifikation}{subsection.3.1}% 11
\BOOKMARK [3][-]{subsubsection.3.1.2}{Robustheit}{subsection.3.1}% 12
\BOOKMARK [3][-]{subsubsection.3.1.3}{Umsetzung}{subsection.3.1}% 13
\BOOKMARK [2][-]{subsection.3.2}{Gesten und ihre Wirkung}{section.3}% 14
\BOOKMARK [2][-]{subsection.3.3}{Zustandsmaschine}{section.3}% 15
\BOOKMARK [2][-]{subsection.3.4}{Robustheit und Pufferung}{section.3}% 16
\BOOKMARK [1][-]{section.4}{Bemerkungen zum Quellcode}{}% 17
\BOOKMARK [2][-]{subsection.4.1}{Wichtige Datenstrukturen, Variablen und Funktionen}{section.4}% 18
\BOOKMARK [2][-]{subsection.4.2}{Erg\344nzungen zum Zusammenspiel}{section.4}% 19
\BOOKMARK [2][-]{subsection.4.3}{Einbinden}{section.4}% 20
\BOOKMARK [1][-]{section.5}{Schlussbemerkungen}{}% 21
